2025-05-01 15:57:01.859 | INFO     | middleware.logger_middleware:register_middleware:267 - 已注册内部API日志中间件
2025-05-01 15:57:01.863 | INFO     | __main__:<module>:27 - 中间件注册成功
2025-05-01 15:57:01.865 | INFO     | __main__:<module>:87 - 启动服务器
2025-05-01 15:57:03.773 | INFO     | middleware.logger_middleware:register_middleware:267 - 已注册内部API日志中间件
2025-05-01 15:57:03.775 | INFO     | __mp_main__:<module>:27 - 中间件注册成功
2025-05-01 15:57:03.883 | INFO     | middleware.logger_middleware:register_middleware:267 - 已注册内部API日志中间件
2025-05-01 15:57:03.883 | INFO     | main:<module>:27 - 中间件注册成功
2025-05-01 15:57:04.100 | INFO     | core.lifespan:lifespan:88 - === 应用启动 ===
2025-05-01 15:57:04.100 | INFO     | core.lifespan:lifespan:89 - 应用名称: FastAPI应用 v1.0.0
2025-05-01 15:57:04.103 | INFO     | core.lifespan:log_system_info:71 - 系统信息: Windows 11 (10.0.22631)
2025-05-01 15:57:04.103 | INFO     | core.lifespan:log_system_info:72 - Python版本: 3.12.4 (tags/v3.12.4:8e8a4ba, Jun  6 2024, 19:30:16) [MSC v.1940 64 bit (AMD64)]
2025-05-01 15:57:04.104 | INFO     | core.lifespan:log_system_info:73 - 运行环境: development
2025-05-01 15:57:04.105 | INFO     | core.lifespan:log_system_info:74 - 调试模式: 启用
2025-05-01 15:57:04.120 | INFO     | core.lifespan:lifespan:98 - API路由注册成功
2025-05-01 15:57:04.122 | INFO     | database.pgsql:init_db:20 - 成功导入User模型: <class 'model.user.User'>
2025-05-01 15:57:04.122 | INFO     | database.pgsql:init_db:23 - 找到Tortoise ORM模型类: [<class 'model.operation_log.OperationLog'>, <class 'model.user.User'>, <class 'model.user.test'>]
2025-05-01 15:57:04.122 | INFO     | database.pgsql:init_db:35 - Tortoise配置: {'connections': {'default': {'engine': 'tortoise.backends.asyncpg', 'credentials': {'host': 'localhost', 'port': 5432, 'user': 'root', 'password': '******', 'database': 'postgres'}}}, 'apps': {'models': {'models': ['model', 'aerich.models'], 'default_connection': 'default'}}, 'use_tz': False, 'timezone': 'Asia/Shanghai'}
2025-05-01 15:57:04.124 | INFO     | database.pgsql:init_db:38 - 使用register_tortoise初始化数据库连接...
2025-05-01 15:57:04.126 | INFO     | database.pgsql:init_db:46 - 数据库初始化成功
2025-05-01 15:57:04.127 | INFO     | core.lifespan:lifespan:104 - 数据库连接初始化成功
2025-05-01 15:57:04.127 | INFO     | core.lifespan:lifespan:112 - 所有资源初始化完成
2025-05-01 15:57:04.127 | INFO     | core.lifespan:lifespan:113 - === 应用启动完成 ===
2025-05-01 16:02:02.254 | ERROR    | main:http_exception_handler:56 - HTTP错误: Not Found (状态码: 404)
2025-05-01 16:02:31.259 | ERROR    | main:http_exception_handler:56 - HTTP错误: Not Found (状态码: 404)
2025-05-01 16:02:49.965 | INFO     | core.lifespan:lifespan:118 - === 应用正在关闭 ===
2025-05-01 16:02:49.967 | INFO     | database.pgsql:close_db:62 - 数据库连接已关闭
2025-05-01 16:02:49.967 | INFO     | core.lifespan:lifespan:123 - 数据库连接已关闭
2025-05-01 16:02:49.968 | INFO     | core.lifespan:lifespan:128 - 所有资源已释放
2025-05-01 16:02:49.968 | INFO     | core.lifespan:lifespan:129 - === 应用已关闭 ===
2025-05-01 16:02:51.975 | INFO     | middleware.logger_middleware:register_middleware:267 - 已注册内部API日志中间件
2025-05-01 16:02:51.976 | INFO     | __mp_main__:<module>:27 - 中间件注册成功
2025-05-01 16:02:52.069 | INFO     | middleware.logger_middleware:register_middleware:267 - 已注册内部API日志中间件
2025-05-01 16:02:52.071 | INFO     | main:<module>:27 - 中间件注册成功
2025-05-01 16:02:52.255 | INFO     | core.lifespan:lifespan:88 - === 应用启动 ===
2025-05-01 16:02:52.255 | INFO     | core.lifespan:lifespan:89 - 应用名称: FastAPI应用 v1.0.0
2025-05-01 16:02:52.255 | INFO     | core.lifespan:log_system_info:71 - 系统信息: Windows 11 (10.0.22631)
2025-05-01 16:02:52.255 | INFO     | core.lifespan:log_system_info:72 - Python版本: 3.12.4 (tags/v3.12.4:8e8a4ba, Jun  6 2024, 19:30:16) [MSC v.1940 64 bit (AMD64)]
2025-05-01 16:02:52.255 | INFO     | core.lifespan:log_system_info:73 - 运行环境: development
2025-05-01 16:02:52.259 | INFO     | core.lifespan:log_system_info:74 - 调试模式: 启用
2025-05-01 16:02:52.274 | INFO     | core.lifespan:lifespan:98 - API路由注册成功
2025-05-01 16:02:52.274 | INFO     | database.pgsql:init_db:20 - 成功导入User模型: <class 'model.user.User'>
2025-05-01 16:02:52.274 | INFO     | database.pgsql:init_db:23 - 找到Tortoise ORM模型类: [<class 'model.operation_log.OperationLog'>, <class 'model.user.User'>, <class 'model.user.test'>]
2025-05-01 16:02:52.279 | INFO     | database.pgsql:init_db:35 - Tortoise配置: {'connections': {'default': {'engine': 'tortoise.backends.asyncpg', 'credentials': {'host': 'localhost', 'port': 5432, 'user': 'root', 'password': '******', 'database': 'postgres'}}}, 'apps': {'models': {'models': ['model', 'aerich.models'], 'default_connection': 'default'}}, 'use_tz': False, 'timezone': 'Asia/Shanghai'}
2025-05-01 16:02:52.279 | INFO     | database.pgsql:init_db:38 - 使用register_tortoise初始化数据库连接...
2025-05-01 16:02:52.279 | INFO     | database.pgsql:init_db:46 - 数据库初始化成功
2025-05-01 16:02:52.282 | INFO     | core.lifespan:lifespan:104 - 数据库连接初始化成功
2025-05-01 16:02:52.282 | INFO     | core.lifespan:lifespan:112 - 所有资源初始化完成
2025-05-01 16:02:52.282 | INFO     | core.lifespan:lifespan:113 - === 应用启动完成 ===
2025-05-01 16:03:20.715 | INFO     | core.lifespan:lifespan:118 - === 应用正在关闭 ===
2025-05-01 16:03:20.715 | INFO     | database.pgsql:close_db:62 - 数据库连接已关闭
2025-05-01 16:03:20.718 | INFO     | core.lifespan:lifespan:123 - 数据库连接已关闭
2025-05-01 16:03:20.718 | INFO     | core.lifespan:lifespan:128 - 所有资源已释放
2025-05-01 16:03:20.718 | INFO     | core.lifespan:lifespan:129 - === 应用已关闭 ===
2025-05-01 16:03:22.732 | INFO     | middleware.logger_middleware:register_middleware:267 - 已注册内部API日志中间件
2025-05-01 16:03:22.735 | INFO     | __mp_main__:<module>:27 - 中间件注册成功
2025-05-01 16:03:22.825 | INFO     | middleware.logger_middleware:register_middleware:267 - 已注册内部API日志中间件
2025-05-01 16:03:22.825 | INFO     | main:<module>:27 - 中间件注册成功
2025-05-01 16:03:23.023 | INFO     | core.lifespan:lifespan:88 - === 应用启动 ===
2025-05-01 16:03:23.023 | INFO     | core.lifespan:lifespan:89 - 应用名称: FastAPI应用 v1.0.0
2025-05-01 16:03:23.024 | INFO     | core.lifespan:log_system_info:71 - 系统信息: Windows 11 (10.0.22631)
2025-05-01 16:03:23.024 | INFO     | core.lifespan:log_system_info:72 - Python版本: 3.12.4 (tags/v3.12.4:8e8a4ba, Jun  6 2024, 19:30:16) [MSC v.1940 64 bit (AMD64)]
2025-05-01 16:03:23.026 | INFO     | core.lifespan:log_system_info:73 - 运行环境: development
2025-05-01 16:03:23.026 | INFO     | core.lifespan:log_system_info:74 - 调试模式: 启用
2025-05-01 16:03:23.038 | INFO     | core.lifespan:lifespan:98 - API路由注册成功
2025-05-01 16:03:23.040 | INFO     | database.pgsql:init_db:20 - 成功导入User模型: <class 'model.user.User'>
2025-05-01 16:03:23.042 | INFO     | database.pgsql:init_db:23 - 找到Tortoise ORM模型类: [<class 'model.operation_log.OperationLog'>, <class 'model.user.User'>, <class 'model.user.test'>]
2025-05-01 16:03:23.043 | INFO     | database.pgsql:init_db:35 - Tortoise配置: {'connections': {'default': {'engine': 'tortoise.backends.asyncpg', 'credentials': {'host': 'localhost', 'port': 5432, 'user': 'root', 'password': '******', 'database': 'postgres'}}}, 'apps': {'models': {'models': ['model', 'aerich.models'], 'default_connection': 'default'}}, 'use_tz': False, 'timezone': 'Asia/Shanghai'}
2025-05-01 16:03:23.043 | INFO     | database.pgsql:init_db:38 - 使用register_tortoise初始化数据库连接...
2025-05-01 16:03:23.045 | INFO     | database.pgsql:init_db:46 - 数据库初始化成功
2025-05-01 16:03:23.045 | INFO     | core.lifespan:lifespan:104 - 数据库连接初始化成功
2025-05-01 16:03:23.046 | INFO     | core.lifespan:lifespan:112 - 所有资源初始化完成
2025-05-01 16:03:23.047 | INFO     | core.lifespan:lifespan:113 - === 应用启动完成 ===
2025-05-01 16:03:23.230 | ERROR    | main:http_exception_handler:56 - HTTP错误: 测试错误 (状态码: 500)
2025-05-01 16:03:25.736 | INFO     | core.lifespan:lifespan:118 - === 应用正在关闭 ===
2025-05-01 16:03:25.736 | INFO     | database.pgsql:close_db:62 - 数据库连接已关闭
2025-05-01 16:03:25.736 | INFO     | core.lifespan:lifespan:123 - 数据库连接已关闭
2025-05-01 16:03:25.736 | INFO     | core.lifespan:lifespan:128 - 所有资源已释放
2025-05-01 16:03:25.740 | INFO     | core.lifespan:lifespan:129 - === 应用已关闭 ===
2025-05-01 16:03:27.634 | INFO     | middleware.logger_middleware:register_middleware:267 - 已注册内部API日志中间件
2025-05-01 16:03:27.634 | INFO     | __mp_main__:<module>:27 - 中间件注册成功
2025-05-01 16:03:27.779 | INFO     | middleware.logger_middleware:register_middleware:267 - 已注册内部API日志中间件
2025-05-01 16:03:27.779 | INFO     | main:<module>:27 - 中间件注册成功
2025-05-01 16:03:27.944 | INFO     | core.lifespan:lifespan:88 - === 应用启动 ===
2025-05-01 16:03:27.946 | INFO     | core.lifespan:lifespan:89 - 应用名称: FastAPI应用 v1.0.0
2025-05-01 16:03:27.948 | INFO     | core.lifespan:log_system_info:71 - 系统信息: Windows 11 (10.0.22631)
2025-05-01 16:03:27.948 | INFO     | core.lifespan:log_system_info:72 - Python版本: 3.12.4 (tags/v3.12.4:8e8a4ba, Jun  6 2024, 19:30:16) [MSC v.1940 64 bit (AMD64)]
2025-05-01 16:03:27.948 | INFO     | core.lifespan:log_system_info:73 - 运行环境: development
2025-05-01 16:03:27.948 | INFO     | core.lifespan:log_system_info:74 - 调试模式: 启用
2025-05-01 16:03:27.960 | INFO     | core.lifespan:lifespan:98 - API路由注册成功
2025-05-01 16:03:27.960 | INFO     | database.pgsql:init_db:20 - 成功导入User模型: <class 'model.user.User'>
2025-05-01 16:03:27.963 | INFO     | database.pgsql:init_db:23 - 找到Tortoise ORM模型类: [<class 'model.operation_log.OperationLog'>, <class 'model.user.User'>, <class 'model.user.test'>]
2025-05-01 16:03:27.963 | INFO     | database.pgsql:init_db:35 - Tortoise配置: {'connections': {'default': {'engine': 'tortoise.backends.asyncpg', 'credentials': {'host': 'localhost', 'port': 5432, 'user': 'root', 'password': '******', 'database': 'postgres'}}}, 'apps': {'models': {'models': ['model', 'aerich.models'], 'default_connection': 'default'}}, 'use_tz': False, 'timezone': 'Asia/Shanghai'}
2025-05-01 16:03:27.965 | INFO     | database.pgsql:init_db:38 - 使用register_tortoise初始化数据库连接...
2025-05-01 16:03:27.965 | INFO     | database.pgsql:init_db:46 - 数据库初始化成功
2025-05-01 16:03:27.967 | INFO     | core.lifespan:lifespan:104 - 数据库连接初始化成功
2025-05-01 16:03:27.967 | INFO     | core.lifespan:lifespan:112 - 所有资源初始化完成
2025-05-01 16:03:27.968 | INFO     | core.lifespan:lifespan:113 - === 应用启动完成 ===
2025-05-01 16:04:55.693 | INFO     | core.lifespan:lifespan:118 - === 应用正在关闭 ===
2025-05-01 16:04:55.693 | INFO     | database.pgsql:close_db:62 - 数据库连接已关闭
2025-05-01 16:04:55.693 | INFO     | core.lifespan:lifespan:123 - 数据库连接已关闭
2025-05-01 16:04:55.693 | INFO     | core.lifespan:lifespan:128 - 所有资源已释放
2025-05-01 16:04:55.693 | INFO     | core.lifespan:lifespan:129 - === 应用已关闭 ===
2025-05-01 16:04:58.698 | INFO     | middleware.logger_middleware:register_middleware:267 - 已注册内部API日志中间件
2025-05-01 16:04:58.701 | INFO     | __mp_main__:<module>:27 - 中间件注册成功
2025-05-01 16:04:58.838 | INFO     | middleware.logger_middleware:register_middleware:267 - 已注册内部API日志中间件
2025-05-01 16:04:58.838 | INFO     | main:<module>:27 - 中间件注册成功
2025-05-01 16:04:59.027 | INFO     | core.lifespan:lifespan:88 - === 应用启动 ===
2025-05-01 16:04:59.029 | INFO     | core.lifespan:lifespan:89 - 应用名称: FastAPI应用 v1.0.0
2025-05-01 16:04:59.029 | INFO     | core.lifespan:log_system_info:71 - 系统信息: Windows 11 (10.0.22631)
2025-05-01 16:04:59.031 | INFO     | core.lifespan:log_system_info:72 - Python版本: 3.12.4 (tags/v3.12.4:8e8a4ba, Jun  6 2024, 19:30:16) [MSC v.1940 64 bit (AMD64)]
2025-05-01 16:04:59.031 | INFO     | core.lifespan:log_system_info:73 - 运行环境: development
2025-05-01 16:04:59.031 | INFO     | core.lifespan:log_system_info:74 - 调试模式: 启用
2025-05-01 16:04:59.043 | INFO     | core.lifespan:lifespan:98 - API路由注册成功
2025-05-01 16:04:59.043 | INFO     | database.pgsql:init_db:20 - 成功导入User模型: <class 'model.user.User'>
2025-05-01 16:04:59.047 | INFO     | database.pgsql:init_db:23 - 找到Tortoise ORM模型类: [<class 'model.operation_log.OperationLog'>, <class 'model.user.User'>, <class 'model.user.test'>]
2025-05-01 16:04:59.049 | INFO     | database.pgsql:init_db:35 - Tortoise配置: {'connections': {'default': {'engine': 'tortoise.backends.asyncpg', 'credentials': {'host': 'localhost', 'port': 5432, 'user': 'root', 'password': '******', 'database': 'postgres'}}}, 'apps': {'models': {'models': ['model', 'aerich.models'], 'default_connection': 'default'}}, 'use_tz': False, 'timezone': 'Asia/Shanghai'}
2025-05-01 16:04:59.050 | INFO     | database.pgsql:init_db:38 - 使用register_tortoise初始化数据库连接...
2025-05-01 16:04:59.050 | INFO     | database.pgsql:init_db:46 - 数据库初始化成功
2025-05-01 16:04:59.052 | INFO     | core.lifespan:lifespan:104 - 数据库连接初始化成功
2025-05-01 16:04:59.052 | INFO     | core.lifespan:lifespan:112 - 所有资源初始化完成
2025-05-01 16:04:59.053 | INFO     | core.lifespan:lifespan:113 - === 应用启动完成 ===
2025-05-01 16:05:01.133 | INFO     | middleware.logger_middleware:register_middleware:267 - 已注册内部API日志中间件
2025-05-01 16:05:01.133 | INFO     | __mp_main__:<module>:27 - 中间件注册成功
2025-05-01 16:05:01.222 | INFO     | middleware.logger_middleware:register_middleware:267 - 已注册内部API日志中间件
2025-05-01 16:05:01.222 | INFO     | main:<module>:27 - 中间件注册成功
2025-05-01 16:05:01.396 | INFO     | core.lifespan:lifespan:88 - === 应用启动 ===
2025-05-01 16:05:01.396 | INFO     | core.lifespan:lifespan:89 - 应用名称: FastAPI应用 v1.0.0
2025-05-01 16:05:01.397 | INFO     | core.lifespan:log_system_info:71 - 系统信息: Windows 11 (10.0.22631)
2025-05-01 16:05:01.399 | INFO     | core.lifespan:log_system_info:72 - Python版本: 3.12.4 (tags/v3.12.4:8e8a4ba, Jun  6 2024, 19:30:16) [MSC v.1940 64 bit (AMD64)]
2025-05-01 16:05:01.400 | INFO     | core.lifespan:log_system_info:73 - 运行环境: development
2025-05-01 16:05:01.400 | INFO     | core.lifespan:log_system_info:74 - 调试模式: 启用
2025-05-01 16:05:01.415 | INFO     | core.lifespan:lifespan:98 - API路由注册成功
2025-05-01 16:05:01.418 | INFO     | database.pgsql:init_db:20 - 成功导入User模型: <class 'model.user.User'>
2025-05-01 16:05:01.419 | INFO     | database.pgsql:init_db:23 - 找到Tortoise ORM模型类: [<class 'model.operation_log.OperationLog'>, <class 'model.user.User'>, <class 'model.user.test'>]
2025-05-01 16:05:01.419 | INFO     | database.pgsql:init_db:35 - Tortoise配置: {'connections': {'default': {'engine': 'tortoise.backends.asyncpg', 'credentials': {'host': 'localhost', 'port': 5432, 'user': 'root', 'password': '******', 'database': 'postgres'}}}, 'apps': {'models': {'models': ['model', 'aerich.models'], 'default_connection': 'default'}}, 'use_tz': False, 'timezone': 'Asia/Shanghai'}
2025-05-01 16:05:01.419 | INFO     | database.pgsql:init_db:38 - 使用register_tortoise初始化数据库连接...
2025-05-01 16:05:01.422 | INFO     | database.pgsql:init_db:46 - 数据库初始化成功
2025-05-01 16:05:01.422 | INFO     | core.lifespan:lifespan:104 - 数据库连接初始化成功
2025-05-01 16:05:01.423 | INFO     | core.lifespan:lifespan:112 - 所有资源初始化完成
2025-05-01 16:05:01.423 | INFO     | core.lifespan:lifespan:113 - === 应用启动完成 ===
2025-05-01 16:05:48.970 | INFO     | core.lifespan:lifespan:118 - === 应用正在关闭 ===
2025-05-01 16:05:48.972 | INFO     | database.pgsql:close_db:62 - 数据库连接已关闭
2025-05-01 16:05:48.972 | INFO     | core.lifespan:lifespan:123 - 数据库连接已关闭
2025-05-01 16:05:48.972 | INFO     | core.lifespan:lifespan:128 - 所有资源已释放
2025-05-01 16:05:48.975 | INFO     | core.lifespan:lifespan:129 - === 应用已关闭 ===
2025-05-01 16:05:51.101 | INFO     | middleware.logger_middleware:register_middleware:267 - 已注册内部API日志中间件
2025-05-01 16:05:51.103 | INFO     | __mp_main__:<module>:27 - 中间件注册成功
2025-05-01 16:05:51.196 | INFO     | middleware.logger_middleware:register_middleware:267 - 已注册内部API日志中间件
2025-05-01 16:05:51.200 | INFO     | main:<module>:27 - 中间件注册成功
2025-05-01 16:05:51.413 | INFO     | core.lifespan:lifespan:88 - === 应用启动 ===
2025-05-01 16:05:51.413 | INFO     | core.lifespan:lifespan:89 - 应用名称: FastAPI应用 v1.0.0
2025-05-01 16:05:51.413 | INFO     | core.lifespan:log_system_info:71 - 系统信息: Windows 11 (10.0.22631)
2025-05-01 16:05:51.417 | INFO     | core.lifespan:log_system_info:72 - Python版本: 3.12.4 (tags/v3.12.4:8e8a4ba, Jun  6 2024, 19:30:16) [MSC v.1940 64 bit (AMD64)]
2025-05-01 16:05:51.417 | INFO     | core.lifespan:log_system_info:73 - 运行环境: development
2025-05-01 16:05:51.418 | INFO     | core.lifespan:log_system_info:74 - 调试模式: 启用
2025-05-01 16:05:51.431 | INFO     | core.lifespan:lifespan:98 - API路由注册成功
2025-05-01 16:05:51.431 | INFO     | database.pgsql:init_db:20 - 成功导入User模型: <class 'model.user.User'>
2025-05-01 16:05:51.432 | INFO     | database.pgsql:init_db:23 - 找到Tortoise ORM模型类: [<class 'model.operation_log.OperationLog'>, <class 'model.user.User'>, <class 'model.user.test'>]
2025-05-01 16:05:51.432 | INFO     | database.pgsql:init_db:35 - Tortoise配置: {'connections': {'default': {'engine': 'tortoise.backends.asyncpg', 'credentials': {'host': 'localhost', 'port': 5432, 'user': 'root', 'password': '******', 'database': 'postgres'}}}, 'apps': {'models': {'models': ['model', 'aerich.models'], 'default_connection': 'default'}}, 'use_tz': False, 'timezone': 'Asia/Shanghai'}
2025-05-01 16:05:51.433 | INFO     | database.pgsql:init_db:38 - 使用register_tortoise初始化数据库连接...
2025-05-01 16:05:51.434 | INFO     | database.pgsql:init_db:46 - 数据库初始化成功
2025-05-01 16:05:51.434 | INFO     | core.lifespan:lifespan:104 - 数据库连接初始化成功
2025-05-01 16:05:51.436 | INFO     | core.lifespan:lifespan:112 - 所有资源初始化完成
2025-05-01 16:05:51.436 | INFO     | core.lifespan:lifespan:113 - === 应用启动完成 ===
2025-05-01 16:06:25.698 | INFO     | core.lifespan:lifespan:118 - === 应用正在关闭 ===
2025-05-01 16:06:25.698 | INFO     | database.pgsql:close_db:62 - 数据库连接已关闭
2025-05-01 16:06:25.700 | INFO     | core.lifespan:lifespan:123 - 数据库连接已关闭
2025-05-01 16:06:25.700 | INFO     | core.lifespan:lifespan:128 - 所有资源已释放
2025-05-01 16:06:25.700 | INFO     | core.lifespan:lifespan:129 - === 应用已关闭 ===
2025-05-01 16:06:27.807 | INFO     | middleware.logger_middleware:register_middleware:267 - 已注册内部API日志中间件
2025-05-01 16:06:27.808 | INFO     | __mp_main__:<module>:27 - 中间件注册成功
2025-05-01 16:06:27.897 | INFO     | middleware.logger_middleware:register_middleware:267 - 已注册内部API日志中间件
2025-05-01 16:06:27.897 | INFO     | main:<module>:27 - 中间件注册成功
2025-05-01 16:06:28.074 | INFO     | core.lifespan:lifespan:88 - === 应用启动 ===
2025-05-01 16:06:28.076 | INFO     | core.lifespan:lifespan:89 - 应用名称: FastAPI应用 v1.0.0
2025-05-01 16:06:28.076 | INFO     | core.lifespan:log_system_info:71 - 系统信息: Windows 11 (10.0.22631)
2025-05-01 16:06:28.078 | INFO     | core.lifespan:log_system_info:72 - Python版本: 3.12.4 (tags/v3.12.4:8e8a4ba, Jun  6 2024, 19:30:16) [MSC v.1940 64 bit (AMD64)]
2025-05-01 16:06:28.079 | INFO     | core.lifespan:log_system_info:73 - 运行环境: development
2025-05-01 16:06:28.079 | INFO     | core.lifespan:log_system_info:74 - 调试模式: 启用
2025-05-01 16:06:28.110 | INFO     | core.lifespan:lifespan:98 - API路由注册成功
2025-05-01 16:06:28.110 | INFO     | database.pgsql:init_db:20 - 成功导入User模型: <class 'model.user.User'>
2025-05-01 16:06:28.110 | INFO     | database.pgsql:init_db:23 - 找到Tortoise ORM模型类: [<class 'model.operation_log.OperationLog'>, <class 'model.user.User'>, <class 'model.user.test'>]
2025-05-01 16:06:28.112 | INFO     | database.pgsql:init_db:35 - Tortoise配置: {'connections': {'default': {'engine': 'tortoise.backends.asyncpg', 'credentials': {'host': 'localhost', 'port': 5432, 'user': 'root', 'password': '******', 'database': 'postgres'}}}, 'apps': {'models': {'models': ['model', 'aerich.models'], 'default_connection': 'default'}}, 'use_tz': False, 'timezone': 'Asia/Shanghai'}
2025-05-01 16:06:28.113 | INFO     | database.pgsql:init_db:38 - 使用register_tortoise初始化数据库连接...
2025-05-01 16:06:28.113 | INFO     | database.pgsql:init_db:46 - 数据库初始化成功
2025-05-01 16:06:28.116 | INFO     | core.lifespan:lifespan:104 - 数据库连接初始化成功
2025-05-01 16:06:28.116 | INFO     | core.lifespan:lifespan:112 - 所有资源初始化完成
2025-05-01 16:06:28.116 | INFO     | core.lifespan:lifespan:113 - === 应用启动完成 ===
2025-05-01 16:06:28.394 | ERROR    | main:http_exception_handler:57 - HTTP错误: 测试错误 (状态码: 500)
2025-05-01 18:07:17.308 | ERROR    | main:http_exception_handler:57 - HTTP错误: Not Found (状态码: 404)
2025-05-01 18:07:18.466 | ERROR    | main:http_exception_handler:57 - HTTP错误: Not Found (状态码: 404)
2025-05-01 18:07:18.877 | ERROR    | main:http_exception_handler:57 - HTTP错误: Not Found (状态码: 404)
2025-05-01 18:07:20.201 | ERROR    | main:http_exception_handler:57 - HTTP错误: Not Found (状态码: 404)
2025-05-01 18:07:35.658 | ERROR    | main:http_exception_handler:57 - HTTP错误: 测试错误 (状态码: 500)
2025-05-01 18:11:59.906 | ERROR    | main:http_exception_handler:57 - HTTP错误: 测试错误 (状态码: 500)
2025-05-01 18:19:07.626 | INFO     | core.lifespan:lifespan:118 - === 应用正在关闭 ===
2025-05-01 18:19:07.631 | INFO     | database.pgsql:close_db:62 - 数据库连接已关闭
2025-05-01 18:19:07.633 | INFO     | core.lifespan:lifespan:123 - 数据库连接已关闭
2025-05-01 18:19:07.634 | INFO     | core.lifespan:lifespan:128 - 所有资源已释放
2025-05-01 18:19:07.634 | INFO     | core.lifespan:lifespan:129 - === 应用已关闭 ===
2025-05-01 18:19:10.354 | INFO     | middleware.logger_middleware:register_middleware:267 - 已注册内部API日志中间件
2025-05-01 18:19:10.356 | INFO     | __mp_main__:<module>:27 - 中间件注册成功
2025-05-01 18:19:10.456 | INFO     | middleware.logger_middleware:register_middleware:267 - 已注册内部API日志中间件
2025-05-01 18:19:10.458 | INFO     | main:<module>:27 - 中间件注册成功
2025-05-01 18:19:10.665 | INFO     | core.lifespan:lifespan:88 - === 应用启动 ===
2025-05-01 18:19:10.665 | INFO     | core.lifespan:lifespan:89 - 应用名称: FastAPI应用 v1.0.0
2025-05-01 18:19:10.667 | INFO     | core.lifespan:log_system_info:71 - 系统信息: Windows 11 (10.0.22631)
2025-05-01 18:19:10.667 | INFO     | core.lifespan:log_system_info:72 - Python版本: 3.12.4 (tags/v3.12.4:8e8a4ba, Jun  6 2024, 19:30:16) [MSC v.1940 64 bit (AMD64)]
2025-05-01 18:19:10.668 | INFO     | core.lifespan:log_system_info:73 - 运行环境: development
2025-05-01 18:19:10.668 | INFO     | core.lifespan:log_system_info:74 - 调试模式: 启用
2025-05-01 18:19:10.683 | INFO     | core.lifespan:lifespan:98 - API路由注册成功
2025-05-01 18:19:10.684 | INFO     | database.pgsql:init_db:20 - 成功导入User模型: <class 'model.user.User'>
2025-05-01 18:19:10.684 | INFO     | database.pgsql:init_db:23 - 找到Tortoise ORM模型类: [<class 'model.operation_log.OperationLog'>, <class 'model.user.User'>, <class 'model.user.test'>]
2025-05-01 18:19:10.684 | INFO     | database.pgsql:init_db:35 - Tortoise配置: {'connections': {'default': {'engine': 'tortoise.backends.asyncpg', 'credentials': {'host': 'localhost', 'port': 5432, 'user': 'root', 'password': '******', 'database': 'postgres'}}}, 'apps': {'models': {'models': ['model', 'aerich.models'], 'default_connection': 'default'}}, 'use_tz': False, 'timezone': 'Asia/Shanghai'}
2025-05-01 18:19:10.687 | INFO     | database.pgsql:init_db:38 - 使用register_tortoise初始化数据库连接...
2025-05-01 18:19:10.687 | INFO     | database.pgsql:init_db:46 - 数据库初始化成功
2025-05-01 18:19:10.687 | INFO     | core.lifespan:lifespan:104 - 数据库连接初始化成功
2025-05-01 18:19:10.689 | INFO     | core.lifespan:lifespan:112 - 所有资源初始化完成
2025-05-01 18:19:10.689 | INFO     | core.lifespan:lifespan:113 - === 应用启动完成 ===
2025-05-01 18:19:16.166 | ERROR    | main:http_exception_handler:57 - HTTP错误: 测试错误 (状态码: 500)
2025-05-01 18:19:38.891 | INFO     | core.lifespan:lifespan:118 - === 应用正在关闭 ===
2025-05-01 18:19:38.891 | INFO     | database.pgsql:close_db:62 - 数据库连接已关闭
2025-05-01 18:19:38.894 | INFO     | core.lifespan:lifespan:123 - 数据库连接已关闭
2025-05-01 18:19:38.894 | INFO     | core.lifespan:lifespan:128 - 所有资源已释放
2025-05-01 18:19:38.894 | INFO     | core.lifespan:lifespan:129 - === 应用已关闭 ===
2025-05-01 18:19:51.283 | INFO     | middleware.logger_middleware:register_middleware:267 - 已注册内部API日志中间件
2025-05-01 18:19:51.283 | INFO     | __mp_main__:<module>:27 - 中间件注册成功
2025-05-01 18:19:51.373 | INFO     | middleware.logger_middleware:register_middleware:267 - 已注册内部API日志中间件
2025-05-01 18:19:51.373 | INFO     | main:<module>:27 - 中间件注册成功
2025-05-01 18:19:51.554 | INFO     | core.lifespan:lifespan:88 - === 应用启动 ===
2025-05-01 18:19:51.554 | INFO     | core.lifespan:lifespan:89 - 应用名称: FastAPI应用 v1.0.0
2025-05-01 18:19:51.556 | INFO     | core.lifespan:log_system_info:71 - 系统信息: Windows 11 (10.0.22631)
2025-05-01 18:19:51.556 | INFO     | core.lifespan:log_system_info:72 - Python版本: 3.12.4 (tags/v3.12.4:8e8a4ba, Jun  6 2024, 19:30:16) [MSC v.1940 64 bit (AMD64)]
2025-05-01 18:19:51.556 | INFO     | core.lifespan:log_system_info:73 - 运行环境: development
2025-05-01 18:19:51.558 | INFO     | core.lifespan:log_system_info:74 - 调试模式: 启用
2025-05-01 18:19:51.567 | INFO     | core.lifespan:lifespan:98 - API路由注册成功
2025-05-01 18:19:51.571 | INFO     | database.pgsql:init_db:20 - 成功导入User模型: <class 'model.user.User'>
2025-05-01 18:19:51.571 | INFO     | database.pgsql:init_db:23 - 找到Tortoise ORM模型类: [<class 'model.operation_log.OperationLog'>, <class 'model.user.User'>, <class 'model.user.test'>]
2025-05-01 18:19:51.573 | INFO     | database.pgsql:init_db:35 - Tortoise配置: {'connections': {'default': {'engine': 'tortoise.backends.asyncpg', 'credentials': {'host': 'localhost', 'port': 5432, 'user': 'root', 'password': '******', 'database': 'postgres'}}}, 'apps': {'models': {'models': ['model', 'aerich.models'], 'default_connection': 'default'}}, 'use_tz': False, 'timezone': 'Asia/Shanghai'}
2025-05-01 18:19:51.575 | INFO     | database.pgsql:init_db:38 - 使用register_tortoise初始化数据库连接...
2025-05-01 18:19:51.575 | INFO     | database.pgsql:init_db:46 - 数据库初始化成功
2025-05-01 18:19:51.575 | INFO     | core.lifespan:lifespan:104 - 数据库连接初始化成功
2025-05-01 18:19:51.577 | INFO     | core.lifespan:lifespan:112 - 所有资源初始化完成
2025-05-01 18:19:51.577 | INFO     | core.lifespan:lifespan:113 - === 应用启动完成 ===
2025-05-01 18:20:24.294 | INFO     | core.lifespan:lifespan:118 - === 应用正在关闭 ===
2025-05-01 18:20:24.294 | INFO     | database.pgsql:close_db:62 - 数据库连接已关闭
2025-05-01 18:20:24.298 | INFO     | core.lifespan:lifespan:123 - 数据库连接已关闭
2025-05-01 18:20:24.299 | INFO     | core.lifespan:lifespan:128 - 所有资源已释放
2025-05-01 18:20:24.300 | INFO     | core.lifespan:lifespan:129 - === 应用已关闭 ===
2025-05-01 18:20:26.340 | INFO     | middleware.logger_middleware:register_middleware:267 - 已注册内部API日志中间件
2025-05-01 18:20:26.342 | INFO     | __mp_main__:<module>:27 - 中间件注册成功
2025-05-01 18:20:36.833 | INFO     | middleware.logger_middleware:register_middleware:267 - 已注册内部API日志中间件
2025-05-01 18:20:36.837 | INFO     | __mp_main__:<module>:27 - 中间件注册成功
2025-05-01 18:20:36.921 | INFO     | middleware.logger_middleware:register_middleware:267 - 已注册内部API日志中间件
2025-05-01 18:20:36.922 | INFO     | main:<module>:27 - 中间件注册成功
2025-05-01 18:20:37.101 | INFO     | core.lifespan:lifespan:88 - === 应用启动 ===
2025-05-01 18:20:37.103 | INFO     | core.lifespan:lifespan:89 - 应用名称: FastAPI应用 v1.0.0
2025-05-01 18:20:37.105 | INFO     | core.lifespan:log_system_info:71 - 系统信息: Windows 11 (10.0.22631)
2025-05-01 18:20:37.105 | INFO     | core.lifespan:log_system_info:72 - Python版本: 3.12.4 (tags/v3.12.4:8e8a4ba, Jun  6 2024, 19:30:16) [MSC v.1940 64 bit (AMD64)]
2025-05-01 18:20:37.105 | INFO     | core.lifespan:log_system_info:73 - 运行环境: development
2025-05-01 18:20:37.107 | INFO     | core.lifespan:log_system_info:74 - 调试模式: 启用
2025-05-01 18:20:37.121 | INFO     | core.lifespan:lifespan:98 - API路由注册成功
2025-05-01 18:20:37.123 | INFO     | database.pgsql:init_db:20 - 成功导入User模型: <class 'model.user.User'>
2025-05-01 18:20:37.123 | INFO     | database.pgsql:init_db:23 - 找到Tortoise ORM模型类: [<class 'model.operation_log.OperationLog'>, <class 'model.user.User'>, <class 'model.user.test'>]
2025-05-01 18:20:37.125 | INFO     | database.pgsql:init_db:35 - Tortoise配置: {'connections': {'default': {'engine': 'tortoise.backends.asyncpg', 'credentials': {'host': 'localhost', 'port': 5432, 'user': 'root', 'password': '******', 'database': 'postgres'}}}, 'apps': {'models': {'models': ['model', 'aerich.models'], 'default_connection': 'default'}}, 'use_tz': False, 'timezone': 'Asia/Shanghai'}
2025-05-01 18:20:37.126 | INFO     | database.pgsql:init_db:38 - 使用register_tortoise初始化数据库连接...
2025-05-01 18:20:37.127 | INFO     | database.pgsql:init_db:46 - 数据库初始化成功
2025-05-01 18:20:37.127 | INFO     | core.lifespan:lifespan:104 - 数据库连接初始化成功
2025-05-01 18:20:37.129 | INFO     | core.lifespan:lifespan:112 - 所有资源初始化完成
2025-05-01 18:20:37.129 | INFO     | core.lifespan:lifespan:113 - === 应用启动完成 ===
2025-05-01 18:20:39.287 | ERROR    | main:http_exception_handler:56 - HTTP错误: 测试错误 (状态码: 500)
2025-05-01 18:22:13.101 | ERROR    | main:http_exception_handler:56 - HTTP错误: 测试错误 (状态码: 500)
2025-05-01 18:22:18.388 | ERROR    | main:http_exception_handler:56 - HTTP错误: 测试错误 (状态码: 500)
2025-05-01 18:23:13.635 | ERROR    | main:http_exception_handler:56 - HTTP错误: 测试错误 (状态码: 500)
2025-05-01 18:26:14.637 | ERROR    | main:http_exception_handler:56 - HTTP错误: 测试错误 (状态码: 500)
2025-05-01 18:31:16.128 | ERROR    | main:http_exception_handler:56 - HTTP错误: 测试错误 (状态码: 500)
